2018-09-19 08:55:57,521 INFO  [restartedMain] com.sscf.share.ShareApplication : The following profiles are active: dev
2018-09-19 08:56:00,438 DEBUG [restartedMain] org.hibernate.validator.internal.engine.resolver.DefaultTraversableResolver : Cannot find javax.persistence.Persistence on classpath. Assuming non JPA 2 environment. All properties will per default be traversable.
2018-09-19 08:56:00,453 DEBUG [restartedMain] org.hibernate.validator.internal.engine.resolver.DefaultTraversableResolver : Cannot find javax.persistence.Persistence on classpath. Assuming non JPA 2 environment. All properties will per default be traversable.
2018-09-19 08:56:00,454 DEBUG [restartedMain] org.hibernate.validator.internal.engine.ConfigurationImpl : Setting custom MessageInterpolator of type org.springframework.validation.beanvalidation.LocaleContextMessageInterpolator
2018-09-19 08:56:00,454 DEBUG [restartedMain] org.hibernate.validator.internal.engine.ConfigurationImpl : Setting custom ConstraintValidatorFactory of type org.springframework.validation.beanvalidation.SpringConstraintValidatorFactory
2018-09-19 08:56:00,454 DEBUG [restartedMain] org.hibernate.validator.internal.engine.ConfigurationImpl : Setting custom ParameterNameProvider of type com.sun.proxy.$Proxy35
2018-09-19 08:56:00,454 DEBUG [restartedMain] org.hibernate.validator.internal.xml.ValidationXmlParser : Trying to load META-INF/validation.xml for XML based Validator configuration.
2018-09-19 08:56:00,454 DEBUG [restartedMain] org.hibernate.validator.internal.xml.ResourceLoaderHelper : Trying to load META-INF/validation.xml via user class loader
2018-09-19 08:56:00,454 DEBUG [restartedMain] org.hibernate.validator.internal.xml.ResourceLoaderHelper : Trying to load META-INF/validation.xml via TCCL
2018-09-19 08:56:00,454 DEBUG [restartedMain] org.hibernate.validator.internal.xml.ResourceLoaderHelper : Trying to load META-INF/validation.xml via Hibernate Validator's class loader
2018-09-19 08:56:00,454 DEBUG [restartedMain] org.hibernate.validator.internal.xml.ValidationXmlParser : No META-INF/validation.xml found. Using annotation based configuration only.
2018-09-19 08:56:03,291 DEBUG [restartedMain] org.hibernate.validator.internal.engine.resolver.DefaultTraversableResolver : Cannot find javax.persistence.Persistence on classpath. Assuming non JPA 2 environment. All properties will per default be traversable.
2018-09-19 08:56:03,334 DEBUG [restartedMain] org.hibernate.validator.internal.engine.resolver.DefaultTraversableResolver : Cannot find javax.persistence.Persistence on classpath. Assuming non JPA 2 environment. All properties will per default be traversable.
2018-09-19 08:56:03,334 DEBUG [restartedMain] org.hibernate.validator.internal.engine.ConfigurationImpl : Setting custom MessageInterpolator of type org.springframework.validation.beanvalidation.LocaleContextMessageInterpolator
2018-09-19 08:56:03,334 DEBUG [restartedMain] org.hibernate.validator.internal.engine.ConfigurationImpl : Setting custom ConstraintValidatorFactory of type org.springframework.validation.beanvalidation.SpringConstraintValidatorFactory
2018-09-19 08:56:03,334 DEBUG [restartedMain] org.hibernate.validator.internal.engine.ConfigurationImpl : Setting custom ParameterNameProvider of type com.sun.proxy.$Proxy35
2018-09-19 08:56:03,334 DEBUG [restartedMain] org.hibernate.validator.internal.xml.ValidationXmlParser : Trying to load META-INF/validation.xml for XML based Validator configuration.
2018-09-19 08:56:03,334 DEBUG [restartedMain] org.hibernate.validator.internal.xml.ResourceLoaderHelper : Trying to load META-INF/validation.xml via user class loader
2018-09-19 08:56:03,334 DEBUG [restartedMain] org.hibernate.validator.internal.xml.ResourceLoaderHelper : Trying to load META-INF/validation.xml via TCCL
2018-09-19 08:56:03,350 DEBUG [restartedMain] org.hibernate.validator.internal.xml.ResourceLoaderHelper : Trying to load META-INF/validation.xml via Hibernate Validator's class loader
2018-09-19 08:56:03,350 DEBUG [restartedMain] org.hibernate.validator.internal.xml.ValidationXmlParser : No META-INF/validation.xml found. Using annotation based configuration only.
2018-09-19 08:56:07,282 DEBUG [restartedMain] org.hibernate.validator.internal.engine.resolver.DefaultTraversableResolver : Cannot find javax.persistence.Persistence on classpath. Assuming non JPA 2 environment. All properties will per default be traversable.
2018-09-19 08:56:07,285 DEBUG [restartedMain] org.hibernate.validator.internal.engine.resolver.DefaultTraversableResolver : Cannot find javax.persistence.Persistence on classpath. Assuming non JPA 2 environment. All properties will per default be traversable.
2018-09-19 08:56:07,285 DEBUG [restartedMain] org.hibernate.validator.internal.engine.ConfigurationImpl : Setting custom MessageInterpolator of type org.springframework.validation.beanvalidation.LocaleContextMessageInterpolator
2018-09-19 08:56:07,286 DEBUG [restartedMain] org.hibernate.validator.internal.engine.ConfigurationImpl : Setting custom ConstraintValidatorFactory of type org.springframework.validation.beanvalidation.SpringConstraintValidatorFactory
2018-09-19 08:56:07,286 DEBUG [restartedMain] org.hibernate.validator.internal.engine.ConfigurationImpl : Setting custom ParameterNameProvider of type com.sun.proxy.$Proxy35
2018-09-19 08:56:07,286 DEBUG [restartedMain] org.hibernate.validator.internal.xml.ValidationXmlParser : Trying to load META-INF/validation.xml for XML based Validator configuration.
2018-09-19 08:56:07,286 DEBUG [restartedMain] org.hibernate.validator.internal.xml.ResourceLoaderHelper : Trying to load META-INF/validation.xml via user class loader
2018-09-19 08:56:07,286 DEBUG [restartedMain] org.hibernate.validator.internal.xml.ResourceLoaderHelper : Trying to load META-INF/validation.xml via TCCL
2018-09-19 08:56:07,286 DEBUG [restartedMain] org.hibernate.validator.internal.xml.ResourceLoaderHelper : Trying to load META-INF/validation.xml via Hibernate Validator's class loader
2018-09-19 08:56:07,286 DEBUG [restartedMain] org.hibernate.validator.internal.xml.ValidationXmlParser : No META-INF/validation.xml found. Using annotation based configuration only.
2018-09-19 08:56:07,427 INFO  [restartedMain] com.sscf.share.ShareApplication : Started ShareApplication in 12.723 seconds (JVM running for 13.484)
2018-09-19 11:29:49,198 INFO  [restartedMain] com.sscf.share.ShareApplication : The following profiles are active: dev
2018-09-19 11:29:53,216 DEBUG [restartedMain] org.hibernate.validator.internal.engine.resolver.DefaultTraversableResolver : Cannot find javax.persistence.Persistence on classpath. Assuming non JPA 2 environment. All properties will per default be traversable.
2018-09-19 11:29:53,217 DEBUG [restartedMain] org.hibernate.validator.internal.engine.resolver.DefaultTraversableResolver : Cannot find javax.persistence.Persistence on classpath. Assuming non JPA 2 environment. All properties will per default be traversable.
2018-09-19 11:29:53,218 DEBUG [restartedMain] org.hibernate.validator.internal.engine.ConfigurationImpl : Setting custom MessageInterpolator of type org.springframework.validation.beanvalidation.LocaleContextMessageInterpolator
2018-09-19 11:29:53,218 DEBUG [restartedMain] org.hibernate.validator.internal.engine.ConfigurationImpl : Setting custom ConstraintValidatorFactory of type org.springframework.validation.beanvalidation.SpringConstraintValidatorFactory
2018-09-19 11:29:53,218 DEBUG [restartedMain] org.hibernate.validator.internal.engine.ConfigurationImpl : Setting custom ParameterNameProvider of type com.sun.proxy.$Proxy35
2018-09-19 11:29:53,219 DEBUG [restartedMain] org.hibernate.validator.internal.xml.ValidationXmlParser : Trying to load META-INF/validation.xml for XML based Validator configuration.
2018-09-19 11:29:53,219 DEBUG [restartedMain] org.hibernate.validator.internal.xml.ResourceLoaderHelper : Trying to load META-INF/validation.xml via user class loader
2018-09-19 11:29:53,220 DEBUG [restartedMain] org.hibernate.validator.internal.xml.ResourceLoaderHelper : Trying to load META-INF/validation.xml via TCCL
2018-09-19 11:29:53,220 DEBUG [restartedMain] org.hibernate.validator.internal.xml.ResourceLoaderHelper : Trying to load META-INF/validation.xml via Hibernate Validator's class loader
2018-09-19 11:29:53,221 DEBUG [restartedMain] org.hibernate.validator.internal.xml.ValidationXmlParser : No META-INF/validation.xml found. Using annotation based configuration only.
2018-09-19 11:29:56,242 ERROR [restartedMain] org.springframework.boot.diagnostics.LoggingFailureAnalysisReporter : 

***************************
APPLICATION FAILED TO START
***************************

Description:

Field aiShareResultDao in com.sscf.share.service.AiShareResultService required a bean of type 'com.sscf.share.dao.AiShareResultDao' that could not be found.


Action:

Consider defining a bean of type 'com.sscf.share.dao.AiShareResultDao' in your configuration.

2018-09-19 13:11:24,541 INFO  [restartedMain] com.sscf.share.ShareApplication : The following profiles are active: dev
2018-09-19 13:11:28,466 DEBUG [restartedMain] org.hibernate.validator.internal.engine.resolver.DefaultTraversableResolver : Cannot find javax.persistence.Persistence on classpath. Assuming non JPA 2 environment. All properties will per default be traversable.
2018-09-19 13:11:28,468 DEBUG [restartedMain] org.hibernate.validator.internal.engine.resolver.DefaultTraversableResolver : Cannot find javax.persistence.Persistence on classpath. Assuming non JPA 2 environment. All properties will per default be traversable.
2018-09-19 13:11:28,468 DEBUG [restartedMain] org.hibernate.validator.internal.engine.ConfigurationImpl : Setting custom MessageInterpolator of type org.springframework.validation.beanvalidation.LocaleContextMessageInterpolator
2018-09-19 13:11:28,469 DEBUG [restartedMain] org.hibernate.validator.internal.engine.ConfigurationImpl : Setting custom ConstraintValidatorFactory of type org.springframework.validation.beanvalidation.SpringConstraintValidatorFactory
2018-09-19 13:11:28,470 DEBUG [restartedMain] org.hibernate.validator.internal.engine.ConfigurationImpl : Setting custom ParameterNameProvider of type com.sun.proxy.$Proxy35
2018-09-19 13:11:28,470 DEBUG [restartedMain] org.hibernate.validator.internal.xml.ValidationXmlParser : Trying to load META-INF/validation.xml for XML based Validator configuration.
2018-09-19 13:11:28,470 DEBUG [restartedMain] org.hibernate.validator.internal.xml.ResourceLoaderHelper : Trying to load META-INF/validation.xml via user class loader
2018-09-19 13:11:28,471 DEBUG [restartedMain] org.hibernate.validator.internal.xml.ResourceLoaderHelper : Trying to load META-INF/validation.xml via TCCL
2018-09-19 13:11:28,472 DEBUG [restartedMain] org.hibernate.validator.internal.xml.ResourceLoaderHelper : Trying to load META-INF/validation.xml via Hibernate Validator's class loader
2018-09-19 13:11:28,472 DEBUG [restartedMain] org.hibernate.validator.internal.xml.ValidationXmlParser : No META-INF/validation.xml found. Using annotation based configuration only.
2018-09-19 13:11:31,765 ERROR [restartedMain] org.springframework.boot.diagnostics.LoggingFailureAnalysisReporter : 

***************************
APPLICATION FAILED TO START
***************************

Description:

Field aiShareResultDao in com.sscf.share.service.AiShareResultService required a bean of type 'com.sscf.share.dao.AiShareResultDao' that could not be found.


Action:

Consider defining a bean of type 'com.sscf.share.dao.AiShareResultDao' in your configuration.

2018-09-19 13:13:34,265 INFO  [restartedMain] com.sscf.share.ShareApplication : The following profiles are active: dev
2018-09-19 13:13:38,279 DEBUG [restartedMain] org.hibernate.validator.internal.engine.resolver.DefaultTraversableResolver : Cannot find javax.persistence.Persistence on classpath. Assuming non JPA 2 environment. All properties will per default be traversable.
2018-09-19 13:13:38,281 DEBUG [restartedMain] org.hibernate.validator.internal.engine.resolver.DefaultTraversableResolver : Cannot find javax.persistence.Persistence on classpath. Assuming non JPA 2 environment. All properties will per default be traversable.
2018-09-19 13:13:38,281 DEBUG [restartedMain] org.hibernate.validator.internal.engine.ConfigurationImpl : Setting custom MessageInterpolator of type org.springframework.validation.beanvalidation.LocaleContextMessageInterpolator
2018-09-19 13:13:38,282 DEBUG [restartedMain] org.hibernate.validator.internal.engine.ConfigurationImpl : Setting custom ConstraintValidatorFactory of type org.springframework.validation.beanvalidation.SpringConstraintValidatorFactory
2018-09-19 13:13:38,282 DEBUG [restartedMain] org.hibernate.validator.internal.engine.ConfigurationImpl : Setting custom ParameterNameProvider of type com.sun.proxy.$Proxy35
2018-09-19 13:13:38,283 DEBUG [restartedMain] org.hibernate.validator.internal.xml.ValidationXmlParser : Trying to load META-INF/validation.xml for XML based Validator configuration.
2018-09-19 13:13:38,283 DEBUG [restartedMain] org.hibernate.validator.internal.xml.ResourceLoaderHelper : Trying to load META-INF/validation.xml via user class loader
2018-09-19 13:13:38,284 DEBUG [restartedMain] org.hibernate.validator.internal.xml.ResourceLoaderHelper : Trying to load META-INF/validation.xml via TCCL
2018-09-19 13:13:38,284 DEBUG [restartedMain] org.hibernate.validator.internal.xml.ResourceLoaderHelper : Trying to load META-INF/validation.xml via Hibernate Validator's class loader
2018-09-19 13:13:38,285 DEBUG [restartedMain] org.hibernate.validator.internal.xml.ValidationXmlParser : No META-INF/validation.xml found. Using annotation based configuration only.
2018-09-19 13:13:41,774 ERROR [restartedMain] org.springframework.boot.SpringApplication : Application startup failed
org.springframework.beans.factory.UnsatisfiedDependencyException: Error creating bean with name 'aiShareResultController': Unsatisfied dependency expressed through field 'aiShare'; nested exception is org.springframework.beans.factory.UnsatisfiedDependencyException: Error creating bean with name 'aiShareResultService': Unsatisfied dependency expressed through field 'aiShareResultDao'; nested exception is org.springframework.beans.factory.UnsatisfiedDependencyException: Error creating bean with name 'aiShareResultDao' defined in file [C:\Users\lenovo\eclipse-workspace\wyd\share\target\classes\com\sscf\share\dao\AiShareResultDao.class]: Unsatisfied dependency expressed through bean property 'sqlSessionFactory'; nested exception is org.springframework.beans.factory.BeanCreationException: Error creating bean with name 'sqlSessionFactory' defined in class path resource [com/sscf/share/config/DruidDataSourceConfig.class]: Bean instantiation via factory method failed; nested exception is org.springframework.beans.BeanInstantiationException: Failed to instantiate [org.apache.ibatis.session.SqlSessionFactory]: Factory method 'sqlSessionFactory' threw exception; nested exception is org.springframework.core.NestedIOException: Failed to parse mapping resource: 'file [C:\Users\lenovo\eclipse-workspace\wyd\share\target\classes\mapper\AiShareResult.xml]'; nested exception is org.apache.ibatis.builder.BuilderException: Error parsing Mapper XML. Cause: org.apache.ibatis.builder.BuilderException: Error resolving class. Cause: org.apache.ibatis.type.TypeException: Could not resolve type alias 'com.sscf.collect.dto.AiShareResultDto'.  Cause: java.lang.ClassNotFoundException: Cannot find class: com.sscf.collect.dto.AiShareResultDto
	at org.springframework.beans.factory.annotation.AutowiredAnnotationBeanPostProcessor$AutowiredFieldElement.inject(AutowiredAnnotationBeanPostProcessor.java:588) ~[spring-beans-4.3.13.RELEASE.jar:4.3.13.RELEASE]
	at org.springframework.beans.factory.annotation.InjectionMetadata.inject(InjectionMetadata.java:88) ~[spring-beans-4.3.13.RELEASE.jar:4.3.13.RELEASE]
	at org.springframework.beans.factory.annotation.AutowiredAnnotationBeanPostProcessor.postProcessPropertyValues(AutowiredAnnotationBeanPostProcessor.java:366) ~[spring-beans-4.3.13.RELEASE.jar:4.3.13.RELEASE]
	at org.springframework.beans.factory.support.AbstractAutowireCapableBeanFactory.populateBean(AbstractAutowireCapableBeanFactory.java:1264) ~[spring-beans-4.3.13.RELEASE.jar:4.3.13.RELEASE]
	at org.springframework.beans.factory.support.AbstractAutowireCapableBeanFactory.doCreateBean(AbstractAutowireCapableBeanFactory.java:553) ~[spring-beans-4.3.13.RELEASE.jar:4.3.13.RELEASE]
	at org.springframework.beans.factory.support.AbstractAutowireCapableBeanFactory.createBean(AbstractAutowireCapableBeanFactory.java:483) ~[spring-beans-4.3.13.RELEASE.jar:4.3.13.RELEASE]
	at org.springframework.beans.factory.support.AbstractBeanFactory$1.getObject(AbstractBeanFactory.java:306) ~[spring-beans-4.3.13.RELEASE.jar:4.3.13.RELEASE]
	at org.springframework.beans.factory.support.DefaultSingletonBeanRegistry.getSingleton(DefaultSingletonBeanRegistry.java:230) ~[spring-beans-4.3.13.RELEASE.jar:4.3.13.RELEASE]
	at org.springframework.beans.factory.support.AbstractBeanFactory.doGetBean(AbstractBeanFactory.java:302) ~[spring-beans-4.3.13.RELEASE.jar:4.3.13.RELEASE]
	at org.springframework.beans.factory.support.AbstractBeanFactory.getBean(AbstractBeanFactory.java:197) ~[spring-beans-4.3.13.RELEASE.jar:4.3.13.RELEASE]
	at org.springframework.beans.factory.support.DefaultListableBeanFactory.preInstantiateSingletons(DefaultListableBeanFactory.java:761) ~[spring-beans-4.3.13.RELEASE.jar:4.3.13.RELEASE]
	at org.springframework.context.support.AbstractApplicationContext.finishBeanFactoryInitialization(AbstractApplicationContext.java:867) ~[spring-context-4.3.13.RELEASE.jar:4.3.13.RELEASE]
	at org.springframework.context.support.AbstractApplicationContext.refresh(AbstractApplicationContext.java:543) ~[spring-context-4.3.13.RELEASE.jar:4.3.13.RELEASE]
	at org.springframework.boot.context.embedded.EmbeddedWebApplicationContext.refresh(EmbeddedWebApplicationContext.java:122) ~[spring-boot-1.5.9.RELEASE.jar:1.5.9.RELEASE]
	at org.springframework.boot.SpringApplication.refresh(SpringApplication.java:693) [spring-boot-1.5.9.RELEASE.jar:1.5.9.RELEASE]
	at org.springframework.boot.SpringApplication.refreshContext(SpringApplication.java:360) [spring-boot-1.5.9.RELEASE.jar:1.5.9.RELEASE]
	at org.springframework.boot.SpringApplication.run(SpringApplication.java:303) [spring-boot-1.5.9.RELEASE.jar:1.5.9.RELEASE]
	at org.springframework.boot.SpringApplication.run(SpringApplication.java:1118) [spring-boot-1.5.9.RELEASE.jar:1.5.9.RELEASE]
	at org.springframework.boot.SpringApplication.run(SpringApplication.java:1107) [spring-boot-1.5.9.RELEASE.jar:1.5.9.RELEASE]
	at com.sscf.share.ShareApplication.main(ShareApplication.java:35) [classes/:na]
	at sun.reflect.NativeMethodAccessorImpl.invoke0(Native Method) ~[na:1.8.0_131]
	at sun.reflect.NativeMethodAccessorImpl.invoke(NativeMethodAccessorImpl.java:62) ~[na:1.8.0_131]
	at sun.reflect.DelegatingMethodAccessorImpl.invoke(DelegatingMethodAccessorImpl.java:43) ~[na:1.8.0_131]
	at java.lang.reflect.Method.invoke(Method.java:498) ~[na:1.8.0_131]
	at org.springframework.boot.devtools.restart.RestartLauncher.run(RestartLauncher.java:49) [spring-boot-devtools-1.5.9.RELEASE.jar:1.5.9.RELEASE]
Caused by: org.springframework.beans.factory.UnsatisfiedDependencyException: Error creating bean with name 'aiShareResultService': Unsatisfied dependency expressed through field 'aiShareResultDao'; nested exception is org.springframework.beans.factory.UnsatisfiedDependencyException: Error creating bean with name 'aiShareResultDao' defined in file [C:\Users\lenovo\eclipse-workspace\wyd\share\target\classes\com\sscf\share\dao\AiShareResultDao.class]: Unsatisfied dependency expressed through bean property 'sqlSessionFactory'; nested exception is org.springframework.beans.factory.BeanCreationException: Error creating bean with name 'sqlSessionFactory' defined in class path resource [com/sscf/share/config/DruidDataSourceConfig.class]: Bean instantiation via factory method failed; nested exception is org.springframework.beans.BeanInstantiationException: Failed to instantiate [org.apache.ibatis.session.SqlSessionFactory]: Factory method 'sqlSessionFactory' threw exception; nested exception is org.springframework.core.NestedIOException: Failed to parse mapping resource: 'file [C:\Users\lenovo\eclipse-workspace\wyd\share\target\classes\mapper\AiShareResult.xml]'; nested exception is org.apache.ibatis.builder.BuilderException: Error parsing Mapper XML. Cause: org.apache.ibatis.builder.BuilderException: Error resolving class. Cause: org.apache.ibatis.type.TypeException: Could not resolve type alias 'com.sscf.collect.dto.AiShareResultDto'.  Cause: java.lang.ClassNotFoundException: Cannot find class: com.sscf.collect.dto.AiShareResultDto
	at org.springframework.beans.factory.annotation.AutowiredAnnotationBeanPostProcessor$AutowiredFieldElement.inject(AutowiredAnnotationBeanPostProcessor.java:588) ~[spring-beans-4.3.13.RELEASE.jar:4.3.13.RELEASE]
	at org.springframework.beans.factory.annotation.InjectionMetadata.inject(InjectionMetadata.java:88) ~[spring-beans-4.3.13.RELEASE.jar:4.3.13.RELEASE]
	at org.springframework.beans.factory.annotation.AutowiredAnnotationBeanPostProcessor.postProcessPropertyValues(AutowiredAnnotationBeanPostProcessor.java:366) ~[spring-beans-4.3.13.RELEASE.jar:4.3.13.RELEASE]
	at org.springframework.beans.factory.support.AbstractAutowireCapableBeanFactory.populateBean(AbstractAutowireCapableBeanFactory.java:1264) ~[spring-beans-4.3.13.RELEASE.jar:4.3.13.RELEASE]
	at org.springframework.beans.factory.support.AbstractAutowireCapableBeanFactory.doCreateBean(AbstractAutowireCapableBeanFactory.java:553) ~[spring-beans-4.3.13.RELEASE.jar:4.3.13.RELEASE]
	at org.springframework.beans.factory.support.AbstractAutowireCapableBeanFactory.createBean(AbstractAutowireCapableBeanFactory.java:483) ~[spring-beans-4.3.13.RELEASE.jar:4.3.13.RELEASE]
	at org.springframework.beans.factory.support.AbstractBeanFactory$1.getObject(AbstractBeanFactory.java:306) ~[spring-beans-4.3.13.RELEASE.jar:4.3.13.RELEASE]
	at org.springframework.beans.factory.support.DefaultSingletonBeanRegistry.getSingleton(DefaultSingletonBeanRegistry.java:230) ~[spring-beans-4.3.13.RELEASE.jar:4.3.13.RELEASE]
	at org.springframework.beans.factory.support.AbstractBeanFactory.doGetBean(AbstractBeanFactory.java:302) ~[spring-beans-4.3.13.RELEASE.jar:4.3.13.RELEASE]
	at org.springframework.beans.factory.support.AbstractBeanFactory.getBean(AbstractBeanFactory.java:202) ~[spring-beans-4.3.13.RELEASE.jar:4.3.13.RELEASE]
	at org.springframework.beans.factory.config.DependencyDescriptor.resolveCandidate(DependencyDescriptor.java:208) ~[spring-beans-4.3.13.RELEASE.jar:4.3.13.RELEASE]
	at org.springframework.beans.factory.support.DefaultListableBeanFactory.doResolveDependency(DefaultListableBeanFactory.java:1138) ~[spring-beans-4.3.13.RELEASE.jar:4.3.13.RELEASE]
	at org.springframework.beans.factory.support.DefaultListableBeanFactory.resolveDependency(DefaultListableBeanFactory.java:1066) ~[spring-beans-4.3.13.RELEASE.jar:4.3.13.RELEASE]
	at org.springframework.beans.factory.annotation.AutowiredAnnotationBeanPostProcessor$AutowiredFieldElement.inject(AutowiredAnnotationBeanPostProcessor.java:585) ~[spring-beans-4.3.13.RELEASE.jar:4.3.13.RELEASE]
	... 24 common frames omitted
Caused by: org.springframework.beans.factory.UnsatisfiedDependencyException: Error creating bean with name 'aiShareResultDao' defined in file [C:\Users\lenovo\eclipse-workspace\wyd\share\target\classes\com\sscf\share\dao\AiShareResultDao.class]: Unsatisfied dependency expressed through bean property 'sqlSessionFactory'; nested exception is org.springframework.beans.factory.BeanCreationException: Error creating bean with name 'sqlSessionFactory' defined in class path resource [com/sscf/share/config/DruidDataSourceConfig.class]: Bean instantiation via factory method failed; nested exception is org.springframework.beans.BeanInstantiationException: Failed to instantiate [org.apache.ibatis.session.SqlSessionFactory]: Factory method 'sqlSessionFactory' threw exception; nested exception is org.springframework.core.NestedIOException: Failed to parse mapping resource: 'file [C:\Users\lenovo\eclipse-workspace\wyd\share\target\classes\mapper\AiShareResult.xml]'; nested exception is org.apache.ibatis.builder.BuilderException: Error parsing Mapper XML. Cause: org.apache.ibatis.builder.BuilderException: Error resolving class. Cause: org.apache.ibatis.type.TypeException: Could not resolve type alias 'com.sscf.collect.dto.AiShareResultDto'.  Cause: java.lang.ClassNotFoundException: Cannot find class: com.sscf.collect.dto.AiShareResultDto
	at org.springframework.beans.factory.support.AbstractAutowireCapableBeanFactory.autowireByType(AbstractAutowireCapableBeanFactory.java:1357) ~[spring-beans-4.3.13.RELEASE.jar:4.3.13.RELEASE]
	at org.springframework.beans.factory.support.AbstractAutowireCapableBeanFactory.populateBean(AbstractAutowireCapableBeanFactory.java:1249) ~[spring-beans-4.3.13.RELEASE.jar:4.3.13.RELEASE]
	at org.springframework.beans.factory.support.AbstractAutowireCapableBeanFactory.doCreateBean(AbstractAutowireCapableBeanFactory.java:553) ~[spring-beans-4.3.13.RELEASE.jar:4.3.13.RELEASE]
	at org.springframework.beans.factory.support.AbstractAutowireCapableBeanFactory.createBean(AbstractAutowireCapableBeanFactory.java:483) ~[spring-beans-4.3.13.RELEASE.jar:4.3.13.RELEASE]
	at org.springframework.beans.factory.support.AbstractBeanFactory$1.getObject(AbstractBeanFactory.java:306) ~[spring-beans-4.3.13.RELEASE.jar:4.3.13.RELEASE]
	at org.springframework.beans.factory.support.DefaultSingletonBeanRegistry.getSingleton(DefaultSingletonBeanRegistry.java:230) ~[spring-beans-4.3.13.RELEASE.jar:4.3.13.RELEASE]
	at org.springframework.beans.factory.support.AbstractBeanFactory.doGetBean(AbstractBeanFactory.java:302) ~[spring-beans-4.3.13.RELEASE.jar:4.3.13.RELEASE]
	at org.springframework.beans.factory.support.AbstractBeanFactory.getBean(AbstractBeanFactory.java:202) ~[spring-beans-4.3.13.RELEASE.jar:4.3.13.RELEASE]
	at org.springframework.beans.factory.config.DependencyDescriptor.resolveCandidate(DependencyDescriptor.java:208) ~[spring-beans-4.3.13.RELEASE.jar:4.3.13.RELEASE]
	at org.springframework.beans.factory.support.DefaultListableBeanFactory.doResolveDependency(DefaultListableBeanFactory.java:1138) ~[spring-beans-4.3.13.RELEASE.jar:4.3.13.RELEASE]
	at org.springframework.beans.factory.support.DefaultListableBeanFactory.resolveDependency(DefaultListableBeanFactory.java:1066) ~[spring-beans-4.3.13.RELEASE.jar:4.3.13.RELEASE]
	at org.springframework.beans.factory.annotation.AutowiredAnnotationBeanPostProcessor$AutowiredFieldElement.inject(AutowiredAnnotationBeanPostProcessor.java:585) ~[spring-beans-4.3.13.RELEASE.jar:4.3.13.RELEASE]
	... 37 common frames omitted
Caused by: org.springframework.beans.factory.BeanCreationException: Error creating bean with name 'sqlSessionFactory' defined in class path resource [com/sscf/share/config/DruidDataSourceConfig.class]: Bean instantiation via factory method failed; nested exception is org.springframework.beans.BeanInstantiationException: Failed to instantiate [org.apache.ibatis.session.SqlSessionFactory]: Factory method 'sqlSessionFactory' threw exception; nested exception is org.springframework.core.NestedIOException: Failed to parse mapping resource: 'file [C:\Users\lenovo\eclipse-workspace\wyd\share\target\classes\mapper\AiShareResult.xml]'; nested exception is org.apache.ibatis.builder.BuilderException: Error parsing Mapper XML. Cause: org.apache.ibatis.builder.BuilderException: Error resolving class. Cause: org.apache.ibatis.type.TypeException: Could not resolve type alias 'com.sscf.collect.dto.AiShareResultDto'.  Cause: java.lang.ClassNotFoundException: Cannot find class: com.sscf.collect.dto.AiShareResultDto
	at org.springframework.beans.factory.support.ConstructorResolver.instantiateUsingFactoryMethod(ConstructorResolver.java:599) ~[spring-beans-4.3.13.RELEASE.jar:4.3.13.RELEASE]
	at org.springframework.beans.factory.support.AbstractAutowireCapableBeanFactory.instantiateUsingFactoryMethod(AbstractAutowireCapableBeanFactory.java:1173) ~[spring-beans-4.3.13.RELEASE.jar:4.3.13.RELEASE]
	at org.springframework.beans.factory.support.AbstractAutowireCapableBeanFactory.createBeanInstance(AbstractAutowireCapableBeanFactory.java:1067) ~[spring-beans-4.3.13.RELEASE.jar:4.3.13.RELEASE]
	at org.springframework.beans.factory.support.AbstractAutowireCapableBeanFactory.doCreateBean(AbstractAutowireCapableBeanFactory.java:513) ~[spring-beans-4.3.13.RELEASE.jar:4.3.13.RELEASE]
	at org.springframework.beans.factory.support.AbstractAutowireCapableBeanFactory.createBean(AbstractAutowireCapableBeanFactory.java:483) ~[spring-beans-4.3.13.RELEASE.jar:4.3.13.RELEASE]
	at org.springframework.beans.factory.support.AbstractBeanFactory$1.getObject(AbstractBeanFactory.java:306) ~[spring-beans-4.3.13.RELEASE.jar:4.3.13.RELEASE]
	at org.springframework.beans.factory.support.DefaultSingletonBeanRegistry.getSingleton(DefaultSingletonBeanRegistry.java:230) ~[spring-beans-4.3.13.RELEASE.jar:4.3.13.RELEASE]
	at org.springframework.beans.factory.support.AbstractBeanFactory.doGetBean(AbstractBeanFactory.java:302) ~[spring-beans-4.3.13.RELEASE.jar:4.3.13.RELEASE]
	at org.springframework.beans.factory.support.AbstractBeanFactory.getBean(AbstractBeanFactory.java:202) ~[spring-beans-4.3.13.RELEASE.jar:4.3.13.RELEASE]
	at org.springframework.beans.factory.config.DependencyDescriptor.resolveCandidate(DependencyDescriptor.java:208) ~[spring-beans-4.3.13.RELEASE.jar:4.3.13.RELEASE]
	at org.springframework.beans.factory.support.DefaultListableBeanFactory.doResolveDependency(DefaultListableBeanFactory.java:1138) ~[spring-beans-4.3.13.RELEASE.jar:4.3.13.RELEASE]
	at org.springframework.beans.factory.support.DefaultListableBeanFactory.resolveDependency(DefaultListableBeanFactory.java:1066) ~[spring-beans-4.3.13.RELEASE.jar:4.3.13.RELEASE]
	at org.springframework.beans.factory.support.AbstractAutowireCapableBeanFactory.autowireByType(AbstractAutowireCapableBeanFactory.java:1342) ~[spring-beans-4.3.13.RELEASE.jar:4.3.13.RELEASE]
	... 48 common frames omitted
Caused by: org.springframework.beans.BeanInstantiationException: Failed to instantiate [org.apache.ibatis.session.SqlSessionFactory]: Factory method 'sqlSessionFactory' threw exception; nested exception is org.springframework.core.NestedIOException: Failed to parse mapping resource: 'file [C:\Users\lenovo\eclipse-workspace\wyd\share\target\classes\mapper\AiShareResult.xml]'; nested exception is org.apache.ibatis.builder.BuilderException: Error parsing Mapper XML. Cause: org.apache.ibatis.builder.BuilderException: Error resolving class. Cause: org.apache.ibatis.type.TypeException: Could not resolve type alias 'com.sscf.collect.dto.AiShareResultDto'.  Cause: java.lang.ClassNotFoundException: Cannot find class: com.sscf.collect.dto.AiShareResultDto
	at org.springframework.beans.factory.support.SimpleInstantiationStrategy.instantiate(SimpleInstantiationStrategy.java:189) ~[spring-beans-4.3.13.RELEASE.jar:4.3.13.RELEASE]
	at org.springframework.beans.factory.support.ConstructorResolver.instantiateUsingFactoryMethod(ConstructorResolver.java:588) ~[spring-beans-4.3.13.RELEASE.jar:4.3.13.RELEASE]
	... 60 common frames omitted
Caused by: org.springframework.core.NestedIOException: Failed to parse mapping resource: 'file [C:\Users\lenovo\eclipse-workspace\wyd\share\target\classes\mapper\AiShareResult.xml]'; nested exception is org.apache.ibatis.builder.BuilderException: Error parsing Mapper XML. Cause: org.apache.ibatis.builder.BuilderException: Error resolving class. Cause: org.apache.ibatis.type.TypeException: Could not resolve type alias 'com.sscf.collect.dto.AiShareResultDto'.  Cause: java.lang.ClassNotFoundException: Cannot find class: com.sscf.collect.dto.AiShareResultDto
	at org.mybatis.spring.SqlSessionFactoryBean.buildSqlSessionFactory(SqlSessionFactoryBean.java:523) ~[mybatis-spring-1.3.1.jar:1.3.1]
	at org.mybatis.spring.SqlSessionFactoryBean.afterPropertiesSet(SqlSessionFactoryBean.java:380) ~[mybatis-spring-1.3.1.jar:1.3.1]
	at org.mybatis.spring.SqlSessionFactoryBean.getObject(SqlSessionFactoryBean.java:547) ~[mybatis-spring-1.3.1.jar:1.3.1]
	at com.sscf.share.config.DruidDataSourceConfig.sqlSessionFactory(DruidDataSourceConfig.java:122) ~[classes/:na]
	at com.sscf.share.config.DruidDataSourceConfig$$EnhancerBySpringCGLIB$$c35fddf4.CGLIB$sqlSessionFactory$7(<generated>) ~[classes/:na]
	at com.sscf.share.config.DruidDataSourceConfig$$EnhancerBySpringCGLIB$$c35fddf4$$FastClassBySpringCGLIB$$9f111e5e.invoke(<generated>) ~[classes/:na]
	at org.springframework.cglib.proxy.MethodProxy.invokeSuper(MethodProxy.java:228) ~[spring-core-4.3.13.RELEASE.jar:4.3.13.RELEASE]
	at org.springframework.context.annotation.ConfigurationClassEnhancer$BeanMethodInterceptor.intercept(ConfigurationClassEnhancer.java:358) ~[spring-context-4.3.13.RELEASE.jar:4.3.13.RELEASE]
	at com.sscf.share.config.DruidDataSourceConfig$$EnhancerBySpringCGLIB$$c35fddf4.sqlSessionFactory(<generated>) ~[classes/:na]
	at sun.reflect.NativeMethodAccessorImpl.invoke0(Native Method) ~[na:1.8.0_131]
	at sun.reflect.NativeMethodAccessorImpl.invoke(NativeMethodAccessorImpl.java:62) ~[na:1.8.0_131]
	at sun.reflect.DelegatingMethodAccessorImpl.invoke(DelegatingMethodAccessorImpl.java:43) ~[na:1.8.0_131]
	at java.lang.reflect.Method.invoke(Method.java:498) ~[na:1.8.0_131]
	at org.springframework.beans.factory.support.SimpleInstantiationStrategy.instantiate(SimpleInstantiationStrategy.java:162) ~[spring-beans-4.3.13.RELEASE.jar:4.3.13.RELEASE]
	... 61 common frames omitted
Caused by: org.apache.ibatis.builder.BuilderException: Error parsing Mapper XML. Cause: org.apache.ibatis.builder.BuilderException: Error resolving class. Cause: org.apache.ibatis.type.TypeException: Could not resolve type alias 'com.sscf.collect.dto.AiShareResultDto'.  Cause: java.lang.ClassNotFoundException: Cannot find class: com.sscf.collect.dto.AiShareResultDto
	at org.apache.ibatis.builder.xml.XMLMapperBuilder.configurationElement(XMLMapperBuilder.java:120) ~[mybatis-3.4.5.jar:3.4.5]
	at org.apache.ibatis.builder.xml.XMLMapperBuilder.parse(XMLMapperBuilder.java:92) ~[mybatis-3.4.5.jar:3.4.5]
	at org.mybatis.spring.SqlSessionFactoryBean.buildSqlSessionFactory(SqlSessionFactoryBean.java:521) ~[mybatis-spring-1.3.1.jar:1.3.1]
	... 74 common frames omitted
Caused by: org.apache.ibatis.builder.BuilderException: Error resolving class. Cause: org.apache.ibatis.type.TypeException: Could not resolve type alias 'com.sscf.collect.dto.AiShareResultDto'.  Cause: java.lang.ClassNotFoundException: Cannot find class: com.sscf.collect.dto.AiShareResultDto
	at org.apache.ibatis.builder.BaseBuilder.resolveClass(BaseBuilder.java:118) ~[mybatis-3.4.5.jar:3.4.5]
	at org.apache.ibatis.builder.xml.XMLStatementBuilder.parseStatementNode(XMLStatementBuilder.java:68) ~[mybatis-3.4.5.jar:3.4.5]
	at org.apache.ibatis.builder.xml.XMLMapperBuilder.buildStatementFromContext(XMLMapperBuilder.java:135) ~[mybatis-3.4.5.jar:3.4.5]
	at org.apache.ibatis.builder.xml.XMLMapperBuilder.buildStatementFromContext(XMLMapperBuilder.java:128) ~[mybatis-3.4.5.jar:3.4.5]
	at org.apache.ibatis.builder.xml.XMLMapperBuilder.configurationElement(XMLMapperBuilder.java:118) ~[mybatis-3.4.5.jar:3.4.5]
	... 76 common frames omitted
Caused by: org.apache.ibatis.type.TypeException: Could not resolve type alias 'com.sscf.collect.dto.AiShareResultDto'.  Cause: java.lang.ClassNotFoundException: Cannot find class: com.sscf.collect.dto.AiShareResultDto
	at org.apache.ibatis.type.TypeAliasRegistry.resolveAlias(TypeAliasRegistry.java:120) ~[mybatis-3.4.5.jar:3.4.5]
	at org.apache.ibatis.builder.BaseBuilder.resolveAlias(BaseBuilder.java:149) ~[mybatis-3.4.5.jar:3.4.5]
	at org.apache.ibatis.builder.BaseBuilder.resolveClass(BaseBuilder.java:116) ~[mybatis-3.4.5.jar:3.4.5]
	... 80 common frames omitted
Caused by: java.lang.ClassNotFoundException: Cannot find class: com.sscf.collect.dto.AiShareResultDto
	at org.apache.ibatis.io.ClassLoaderWrapper.classForName(ClassLoaderWrapper.java:200) ~[mybatis-3.4.5.jar:3.4.5]
	at org.apache.ibatis.io.ClassLoaderWrapper.classForName(ClassLoaderWrapper.java:89) ~[mybatis-3.4.5.jar:3.4.5]
	at org.apache.ibatis.io.Resources.classForName(Resources.java:261) ~[mybatis-3.4.5.jar:3.4.5]
	at org.apache.ibatis.type.TypeAliasRegistry.resolveAlias(TypeAliasRegistry.java:116) ~[mybatis-3.4.5.jar:3.4.5]
	... 82 common frames omitted
2018-09-19 13:16:55,401 INFO  [restartedMain] com.sscf.share.ShareApplication : The following profiles are active: dev
2018-09-19 13:16:59,327 DEBUG [restartedMain] org.hibernate.validator.internal.engine.resolver.DefaultTraversableResolver : Cannot find javax.persistence.Persistence on classpath. Assuming non JPA 2 environment. All properties will per default be traversable.
2018-09-19 13:16:59,330 DEBUG [restartedMain] org.hibernate.validator.internal.engine.resolver.DefaultTraversableResolver : Cannot find javax.persistence.Persistence on classpath. Assuming non JPA 2 environment. All properties will per default be traversable.
2018-09-19 13:16:59,330 DEBUG [restartedMain] org.hibernate.validator.internal.engine.ConfigurationImpl : Setting custom MessageInterpolator of type org.springframework.validation.beanvalidation.LocaleContextMessageInterpolator
2018-09-19 13:16:59,330 DEBUG [restartedMain] org.hibernate.validator.internal.engine.ConfigurationImpl : Setting custom ConstraintValidatorFactory of type org.springframework.validation.beanvalidation.SpringConstraintValidatorFactory
2018-09-19 13:16:59,331 DEBUG [restartedMain] org.hibernate.validator.internal.engine.ConfigurationImpl : Setting custom ParameterNameProvider of type com.sun.proxy.$Proxy35
2018-09-19 13:16:59,331 DEBUG [restartedMain] org.hibernate.validator.internal.xml.ValidationXmlParser : Trying to load META-INF/validation.xml for XML based Validator configuration.
2018-09-19 13:16:59,331 DEBUG [restartedMain] org.hibernate.validator.internal.xml.ResourceLoaderHelper : Trying to load META-INF/validation.xml via user class loader
2018-09-19 13:16:59,332 DEBUG [restartedMain] org.hibernate.validator.internal.xml.ResourceLoaderHelper : Trying to load META-INF/validation.xml via TCCL
2018-09-19 13:16:59,333 DEBUG [restartedMain] org.hibernate.validator.internal.xml.ResourceLoaderHelper : Trying to load META-INF/validation.xml via Hibernate Validator's class loader
2018-09-19 13:16:59,333 DEBUG [restartedMain] org.hibernate.validator.internal.xml.ValidationXmlParser : No META-INF/validation.xml found. Using annotation based configuration only.
2018-09-19 13:17:02,965 DEBUG [restartedMain] org.hibernate.validator.internal.engine.resolver.DefaultTraversableResolver : Cannot find javax.persistence.Persistence on classpath. Assuming non JPA 2 environment. All properties will per default be traversable.
2018-09-19 13:17:02,976 DEBUG [restartedMain] org.hibernate.validator.internal.engine.resolver.DefaultTraversableResolver : Cannot find javax.persistence.Persistence on classpath. Assuming non JPA 2 environment. All properties will per default be traversable.
2018-09-19 13:17:02,977 DEBUG [restartedMain] org.hibernate.validator.internal.engine.ConfigurationImpl : Setting custom MessageInterpolator of type org.springframework.validation.beanvalidation.LocaleContextMessageInterpolator
2018-09-19 13:17:02,977 DEBUG [restartedMain] org.hibernate.validator.internal.engine.ConfigurationImpl : Setting custom ConstraintValidatorFactory of type org.springframework.validation.beanvalidation.SpringConstraintValidatorFactory
2018-09-19 13:17:02,977 DEBUG [restartedMain] org.hibernate.validator.internal.engine.ConfigurationImpl : Setting custom ParameterNameProvider of type com.sun.proxy.$Proxy35
2018-09-19 13:17:02,978 DEBUG [restartedMain] org.hibernate.validator.internal.xml.ValidationXmlParser : Trying to load META-INF/validation.xml for XML based Validator configuration.
2018-09-19 13:17:02,978 DEBUG [restartedMain] org.hibernate.validator.internal.xml.ResourceLoaderHelper : Trying to load META-INF/validation.xml via user class loader
2018-09-19 13:17:02,978 DEBUG [restartedMain] org.hibernate.validator.internal.xml.ResourceLoaderHelper : Trying to load META-INF/validation.xml via TCCL
2018-09-19 13:17:02,979 DEBUG [restartedMain] org.hibernate.validator.internal.xml.ResourceLoaderHelper : Trying to load META-INF/validation.xml via Hibernate Validator's class loader
2018-09-19 13:17:02,980 DEBUG [restartedMain] org.hibernate.validator.internal.xml.ValidationXmlParser : No META-INF/validation.xml found. Using annotation based configuration only.
2018-09-19 13:17:07,566 DEBUG [restartedMain] org.hibernate.validator.internal.engine.resolver.DefaultTraversableResolver : Cannot find javax.persistence.Persistence on classpath. Assuming non JPA 2 environment. All properties will per default be traversable.
2018-09-19 13:17:07,569 DEBUG [restartedMain] org.hibernate.validator.internal.engine.resolver.DefaultTraversableResolver : Cannot find javax.persistence.Persistence on classpath. Assuming non JPA 2 environment. All properties will per default be traversable.
2018-09-19 13:17:07,569 DEBUG [restartedMain] org.hibernate.validator.internal.engine.ConfigurationImpl : Setting custom MessageInterpolator of type org.springframework.validation.beanvalidation.LocaleContextMessageInterpolator
2018-09-19 13:17:07,569 DEBUG [restartedMain] org.hibernate.validator.internal.engine.ConfigurationImpl : Setting custom ConstraintValidatorFactory of type org.springframework.validation.beanvalidation.SpringConstraintValidatorFactory
2018-09-19 13:17:07,570 DEBUG [restartedMain] org.hibernate.validator.internal.engine.ConfigurationImpl : Setting custom ParameterNameProvider of type com.sun.proxy.$Proxy35
2018-09-19 13:17:07,570 DEBUG [restartedMain] org.hibernate.validator.internal.xml.ValidationXmlParser : Trying to load META-INF/validation.xml for XML based Validator configuration.
2018-09-19 13:17:07,570 DEBUG [restartedMain] org.hibernate.validator.internal.xml.ResourceLoaderHelper : Trying to load META-INF/validation.xml via user class loader
2018-09-19 13:17:07,571 DEBUG [restartedMain] org.hibernate.validator.internal.xml.ResourceLoaderHelper : Trying to load META-INF/validation.xml via TCCL
2018-09-19 13:17:07,571 DEBUG [restartedMain] org.hibernate.validator.internal.xml.ResourceLoaderHelper : Trying to load META-INF/validation.xml via Hibernate Validator's class loader
2018-09-19 13:17:07,572 DEBUG [restartedMain] org.hibernate.validator.internal.xml.ValidationXmlParser : No META-INF/validation.xml found. Using annotation based configuration only.
2018-09-19 13:17:07,727 INFO  [restartedMain] com.sscf.share.ShareApplication : Started ShareApplication in 15.444 seconds (JVM running for 16.31)
2018-09-19 13:19:09,060 DEBUG [http-nio-8586-exec-2] com.sscf.share.controller.AiShareResultController : 接受到的参数dto:{"end_time":"2018-09-17","offset":0,"page_no":1,"page_size":30,"rows":30,"start_time":"2018-09-17"}
2018-09-19 13:19:09,220 DEBUG [http-nio-8586-exec-2] com.sscf.share.dao.AiShareResultDao.selectAiShareResultCount : ==>  Preparing: select count(*) from (select id from ai_share_result where 1=1 and insert_time >= DATE_FORMAT(?,'%Y-%m-%d') and insert_time <= DATE_FORMAT(?,'%Y-%m-%d') group by share_creative,share_scene,share_channel,first_persion,app_channel,superior_name) t 
2018-09-19 13:19:09,257 DEBUG [http-nio-8586-exec-2] com.sscf.share.dao.AiShareResultDao.selectAiShareResultCount : ==> Parameters: 2018-09-17(String), 2018-09-17(String)
2018-09-19 13:19:09,597 DEBUG [http-nio-8586-exec-2] com.sscf.share.dao.AiShareResultDao.selectAiShareResultCount : <==      Total: 1
2018-09-19 13:19:09,618 DEBUG [http-nio-8586-exec-2] com.sscf.share.dao.AiShareResultDao.selectAiShareResultList : ==>  Preparing: select share_scene, app_channel, share_creative, superior_name, sum(up_uv) up_uv, sum(up_pv) up_pv, first_persion, share_channel, sum(read_uv) read_uv, sum(read_pv) read_pv, sum(return_user) return_user, sum(new_register_user) new_register_user from ai_share_result where 1=1 and insert_time >= DATE_FORMAT(?,'%Y-%m-%d') and insert_time <= DATE_FORMAT(?,'%Y-%m-%d') group by share_creative,share_scene,share_channel,first_persion,app_channel,superior_name LIMIT ?, ? 
2018-09-19 13:19:09,621 DEBUG [http-nio-8586-exec-2] com.sscf.share.dao.AiShareResultDao.selectAiShareResultList : ==> Parameters: 2018-09-17(String), 2018-09-17(String), 0(Integer), 30(Integer)
2018-09-19 13:19:09,633 DEBUG [http-nio-8586-exec-2] com.sscf.share.dao.AiShareResultDao.selectAiShareResultList : <==      Total: 15
2018-09-19 13:19:09,655 DEBUG [http-nio-8586-exec-2] com.sscf.share.controller.AiShareResultController : 查询结果:{"hasRows":true,"page_no":1,"page_size":30,"pages":1,"rows":[{"app_channel":"huawei","first_persion":1,"new_register_user":20,"read_pv":20,"read_uv":10,"return_user":10,"share_channel":111,"share_creative":"111","share_scene":111,"superior_name":"综合资讯","up_pv":20,"up_uv":10},{"app_channel":"xiaomi","first_persion":1,"new_register_user":2,"read_pv":3,"read_uv":23,"return_user":2,"share_channel":111,"share_creative":"111","share_scene":111,"superior_name":"综合资讯","up_pv":5,"up_uv":5},{"app_channel":"huawei","first_persion":2,"new_register_user":2,"read_pv":2,"read_uv":2,"return_user":2,"share_channel":222,"share_creative":"222","share_scene":222,"superior_name":"综合资讯","up_pv":2,"up_uv":2},{"app_channel":"huawei","first_persion":5,"new_register_user":2,"read_pv":3,"read_uv":23,"return_user":2,"share_channel":222,"share_creative":"222","share_scene":222,"superior_name":"综合资讯","up_pv":5,"up_uv":5},{"app_channel":"huawei","first_persion":3,"new_register_user":2,"read_pv":2,"read_uv":3,"return_user":2,"share_channel":333,"share_creative":"333","share_scene":333,"superior_name":"综合资讯","up_pv":3,"up_uv":3},{"app_channel":"huawei","first_persion":5,"new_register_user":2,"read_pv":3,"read_uv":23,"return_user":2,"share_channel":333,"share_creative":"333","share_scene":333,"superior_name":"综合资讯","up_pv":5,"up_uv":5},{"app_channel":"huawei","first_persion":4,"new_register_user":211,"read_pv":3,"read_uv":4,"return_user":11,"share_channel":444,"share_creative":"444","share_scene":444,"superior_name":"综合资讯","up_pv":4,"up_uv":4},{"app_channel":"huawei","first_persion":5,"new_register_user":2,"read_pv":3,"read_uv":23,"return_user":2,"share_channel":444,"share_creative":"444","share_scene":444,"superior_name":"综合资讯","up_pv":5,"up_uv":5},{"app_channel":"huawei","first_persion":5,"new_register_user":4,"read_pv":6,"read_uv":46,"return_user":4,"share_channel":555,"share_creative":"555","share_scene":555,"superior_name":"综合资讯","up_pv":10,"up_uv":10},{"app_channel":"huawei","first_persion":5,"new_register_user":2,"read_pv":3,"read_uv":23,"return_user":2,"share_channel":666,"share_creative":"666","share_scene":666,"superior_name":"综合资讯","up_pv":5,"up_uv":5},{"app_channel":"xiaomi","first_persion":5,"new_register_user":2,"read_pv":3,"read_uv":23,"return_user":2,"share_channel":666,"share_creative":"666","share_scene":666,"superior_name":"综合资讯","up_pv":5,"up_uv":5},{"app_channel":"huawei","first_persion":5,"new_register_user":2,"read_pv":3,"read_uv":23,"return_user":2,"share_channel":777,"share_creative":"777","share_scene":777,"superior_name":"综合资讯","up_pv":5,"up_uv":5},{"app_channel":"xiaomi","first_persion":5,"new_register_user":2,"read_pv":3,"read_uv":23,"return_user":2,"share_channel":777,"share_creative":"777","share_scene":777,"superior_name":"综合资讯","up_pv":5,"up_uv":5},{"app_channel":"xiaomi","first_persion":5,"new_register_user":2,"read_pv":3,"read_uv":23,"return_user":2,"share_channel":888,"share_creative":"888","share_scene":888,"superior_name":"综合资讯","up_pv":5,"up_uv":5},{"app_channel":"xiaomi","first_persion":5,"new_register_user":2,"read_pv":3,"read_uv":23,"return_user":2,"share_channel":999,"share_creative":"999","share_scene":999,"superior_name":"综合资讯","up_pv":5,"up_uv":5}],"total":15}
